2020-12-22 17:58:54,904 INFO org.hibernate.validator.internal.util.Version [background-preinit] HV000001: Hibernate Validator 6.1.6.Final
2020-12-22 17:58:54,914 INFO org.springframework.boot.StartupInfoLogger [main] Starting FeedbackCollectorApplication using Java 11.0.8 on cv000181 with PID 9579 (/home/local/CINGLEVUE/emanikpura/Documents/my_apps/h2o_assignment/feedback-collector/target/classes started by emanikpura in /home/local/CINGLEVUE/emanikpura/Documents/my_apps/h2o_assignment/feedback-collector)
2020-12-22 17:58:54,933 INFO org.springframework.boot.SpringApplication [main] No active profile set, falling back to default profiles: default
2020-12-22 17:58:56,366 INFO org.springframework.data.repository.config.RepositoryConfigurationDelegate [main] Bootstrapping Spring Data MongoDB repositories in DEFAULT mode.
2020-12-22 17:58:56,455 INFO org.springframework.data.repository.config.RepositoryConfigurationDelegate [main] Finished Spring Data repository scanning in 83 ms. Found 1 MongoDB repository interfaces.
2020-12-22 17:58:57,278 INFO org.springframework.boot.web.embedded.tomcat.TomcatWebServer [main] Tomcat initialized with port(s): 8485 (http)
2020-12-22 17:58:57,307 INFO org.apache.juli.logging.DirectJDKLog [main] Initializing ProtocolHandler ["http-nio-8485"]
2020-12-22 17:58:57,308 INFO org.apache.juli.logging.DirectJDKLog [main] Starting service [Tomcat]
2020-12-22 17:58:57,308 INFO org.apache.juli.logging.DirectJDKLog [main] Starting Servlet engine: [Apache Tomcat/9.0.41]
2020-12-22 17:58:57,412 INFO org.apache.juli.logging.DirectJDKLog [main] Initializing Spring embedded WebApplicationContext
2020-12-22 17:58:57,413 INFO org.springframework.boot.web.servlet.context.ServletWebServerApplicationContext [main] Root WebApplicationContext: initialization completed in 2388 ms
2020-12-22 17:58:57,730 INFO com.mongodb.diagnostics.logging.SLF4JLogger [main] Cluster created with settings {hosts=[localhost:27017], mode=SINGLE, requiredClusterType=UNKNOWN, serverSelectionTimeout='30000 ms'}
2020-12-22 17:58:57,867 INFO com.mongodb.diagnostics.logging.SLF4JLogger [cluster-ClusterId{value='5fe1e689e04e9f2e56534221', description='null'}-localhost:27017] Opened connection [connectionId{localValue:1, serverValue:18574}] to localhost:27017
2020-12-22 17:58:57,868 INFO com.mongodb.diagnostics.logging.SLF4JLogger [cluster-rtt-ClusterId{value='5fe1e689e04e9f2e56534221', description='null'}-localhost:27017] Opened connection [connectionId{localValue:2, serverValue:18575}] to localhost:27017
2020-12-22 17:58:57,869 INFO com.mongodb.diagnostics.logging.SLF4JLogger [cluster-ClusterId{value='5fe1e689e04e9f2e56534221', description='null'}-localhost:27017] Monitor thread successfully connected to server with description ServerDescription{address=localhost:27017, type=STANDALONE, state=CONNECTED, ok=true, minWireVersion=0, maxWireVersion=8, maxDocumentSize=16777216, logicalSessionTimeoutMinutes=30, roundTripTimeNanos=35798345}
2020-12-22 17:58:58,697 INFO org.springframework.scheduling.concurrent.ExecutorConfigurationSupport [main] Initializing ExecutorService
2020-12-22 17:58:58,700 INFO org.springframework.scheduling.concurrent.ExecutorConfigurationSupport [main] Initializing ExecutorService 'asyncExecutor'
2020-12-22 17:58:59,187 INFO org.apache.juli.logging.DirectJDKLog [main] Starting ProtocolHandler ["http-nio-8485"]
2020-12-22 17:58:59,217 INFO org.springframework.boot.web.embedded.tomcat.TomcatWebServer [main] Tomcat started on port(s): 8485 (http) with context path ''
2020-12-22 17:58:59,229 INFO org.springframework.boot.StartupInfoLogger [main] Started FeedbackCollectorApplication in 5.914 seconds (JVM running for 7.244)
2020-12-22 18:23:38,790 INFO org.springframework.scheduling.concurrent.ExecutorConfigurationSupport [SpringContextShutdownHook] Shutting down ExecutorService 'asyncExecutor'
2020-12-22 18:24:03,586 INFO org.springframework.boot.StartupInfoLogger [main] Starting FeedbackCollectorApplicationTests using Java 11.0.8 on cv000181 with PID 433 (started by emanikpura in /home/local/CINGLEVUE/emanikpura/Documents/my_apps/h2o_assignment/feedback-collector)
2020-12-22 18:24:03,592 INFO org.springframework.boot.SpringApplication [main] No active profile set, falling back to default profiles: default
2020-12-22 18:24:03,598 INFO org.hibernate.validator.internal.util.Version [background-preinit] HV000001: Hibernate Validator 6.1.6.Final
2020-12-22 18:24:04,532 INFO org.springframework.data.repository.config.RepositoryConfigurationDelegate [main] Bootstrapping Spring Data MongoDB repositories in DEFAULT mode.
2020-12-22 18:24:04,584 INFO org.springframework.data.repository.config.RepositoryConfigurationDelegate [main] Finished Spring Data repository scanning in 45 ms. Found 1 MongoDB repository interfaces.
2020-12-22 18:24:05,217 INFO com.mongodb.diagnostics.logging.SLF4JLogger [main] Cluster created with settings {hosts=[localhost:27017], mode=SINGLE, requiredClusterType=UNKNOWN, serverSelectionTimeout='30000 ms'}
2020-12-22 18:24:05,308 INFO com.mongodb.diagnostics.logging.SLF4JLogger [cluster-rtt-ClusterId{value='5fe1ec6db040ff4fd7bb3e31', description='null'}-localhost:27017] Opened connection [connectionId{localValue:1, serverValue:18868}] to localhost:27017
2020-12-22 18:24:05,308 INFO com.mongodb.diagnostics.logging.SLF4JLogger [cluster-ClusterId{value='5fe1ec6db040ff4fd7bb3e31', description='null'}-localhost:27017] Opened connection [connectionId{localValue:2, serverValue:18867}] to localhost:27017
2020-12-22 18:24:05,312 INFO com.mongodb.diagnostics.logging.SLF4JLogger [cluster-ClusterId{value='5fe1ec6db040ff4fd7bb3e31', description='null'}-localhost:27017] Monitor thread successfully connected to server with description ServerDescription{address=localhost:27017, type=STANDALONE, state=CONNECTED, ok=true, minWireVersion=0, maxWireVersion=8, maxDocumentSize=16777216, logicalSessionTimeoutMinutes=30, roundTripTimeNanos=26330384}
2020-12-22 18:24:06,183 INFO org.springframework.scheduling.concurrent.ExecutorConfigurationSupport [main] Initializing ExecutorService
2020-12-22 18:24:06,193 INFO org.springframework.scheduling.concurrent.ExecutorConfigurationSupport [main] Initializing ExecutorService 'asyncExecutor'
2020-12-22 18:24:07,426 INFO org.springframework.boot.StartupInfoLogger [main] Started FeedbackCollectorApplicationTests in 4.88 seconds (JVM running for 6.61)
2020-12-22 18:24:07,954 INFO org.springframework.test.context.support.AbstractTestContextBootstrapper [main] Neither @ContextConfiguration nor @ContextHierarchy found for test class [com.example.feedbackcollector.controller.FeedbackControllerTest], using SpringBootContextLoader
2020-12-22 18:24:07,955 INFO org.springframework.test.context.support.AbstractContextLoader [main] Could not detect default resource locations for test class [com.example.feedbackcollector.controller.FeedbackControllerTest]: no resource found for suffixes {-context.xml, Context.groovy}.
2020-12-22 18:24:07,956 INFO org.springframework.test.context.support.AnnotationConfigContextLoaderUtils [main] Could not detect default configuration classes for test class [com.example.feedbackcollector.controller.FeedbackControllerTest]: FeedbackControllerTest does not declare any static, non-private, non-final, nested classes annotated with @Configuration.
2020-12-22 18:24:07,991 INFO org.springframework.boot.test.context.SpringBootTestContextBootstrapper [main] Found @SpringBootConfiguration com.example.feedbackcollector.FeedbackCollectorApplication for test class com.example.feedbackcollector.controller.FeedbackControllerTest
2020-12-22 18:24:07,993 INFO org.springframework.test.context.support.AbstractTestContextBootstrapper [main] Loaded default TestExecutionListener class names from location [META-INF/spring.factories]: [org.springframework.boot.test.mock.mockito.MockitoTestExecutionListener, org.springframework.boot.test.mock.mockito.ResetMocksTestExecutionListener, org.springframework.boot.test.autoconfigure.restdocs.RestDocsTestExecutionListener, org.springframework.boot.test.autoconfigure.web.client.MockRestServiceServerResetTestExecutionListener, org.springframework.boot.test.autoconfigure.web.servlet.MockMvcPrintOnlyOnFailureTestExecutionListener, org.springframework.boot.test.autoconfigure.web.servlet.WebDriverTestExecutionListener, org.springframework.boot.test.autoconfigure.webservices.client.MockWebServiceServerTestExecutionListener, org.springframework.test.context.web.ServletTestExecutionListener, org.springframework.test.context.support.DirtiesContextBeforeModesTestExecutionListener, org.springframework.test.context.support.DependencyInjectionTestExecutionListener, org.springframework.test.context.support.DirtiesContextTestExecutionListener, org.springframework.test.context.transaction.TransactionalTestExecutionListener, org.springframework.test.context.jdbc.SqlScriptsTestExecutionListener, org.springframework.test.context.event.EventPublishingTestExecutionListener]
2020-12-22 18:24:07,995 INFO org.springframework.test.context.support.AbstractTestContextBootstrapper [main] Using TestExecutionListeners: [org.springframework.test.context.web.ServletTestExecutionListener@1e29a81a, org.springframework.test.context.support.DirtiesContextBeforeModesTestExecutionListener@7b4b8199, org.springframework.boot.test.mock.mockito.MockitoTestExecutionListener@4bbf20d1, org.springframework.boot.test.autoconfigure.SpringBootDependencyInjectionTestExecutionListener@6fced25c, org.springframework.test.context.support.DirtiesContextTestExecutionListener@3cf4dec7, org.springframework.test.context.transaction.TransactionalTestExecutionListener@1b94c789, org.springframework.test.context.jdbc.SqlScriptsTestExecutionListener@299fc582, org.springframework.test.context.event.EventPublishingTestExecutionListener@305aaedf, org.springframework.boot.test.mock.mockito.ResetMocksTestExecutionListener@2a425cf5, org.springframework.boot.test.autoconfigure.restdocs.RestDocsTestExecutionListener@17d76ebb, org.springframework.boot.test.autoconfigure.web.client.MockRestServiceServerResetTestExecutionListener@40b31a16, org.springframework.boot.test.autoconfigure.web.servlet.MockMvcPrintOnlyOnFailureTestExecutionListener@25fa6889, org.springframework.boot.test.autoconfigure.web.servlet.WebDriverTestExecutionListener@1de73d37, org.springframework.boot.test.autoconfigure.webservices.client.MockWebServiceServerTestExecutionListener@31693a86]
2020-12-22 18:24:08,049 INFO org.springframework.boot.StartupInfoLogger [main] Starting FeedbackControllerTest using Java 11.0.8 on cv000181 with PID 433 (started by emanikpura in /home/local/CINGLEVUE/emanikpura/Documents/my_apps/h2o_assignment/feedback-collector)
2020-12-22 18:24:08,051 INFO org.springframework.boot.SpringApplication [main] No active profile set, falling back to default profiles: default
2020-12-22 18:24:09,176 INFO org.springframework.scheduling.concurrent.ExecutorConfigurationSupport [main] Initializing ExecutorService 'applicationTaskExecutor'
2020-12-22 18:24:09,488 INFO org.springframework.mock.web.MockServletContext [main] Initializing Spring TestDispatcherServlet ''
2020-12-22 18:24:09,492 INFO org.springframework.web.servlet.FrameworkServlet [main] Initializing Servlet ''
2020-12-22 18:24:09,496 INFO org.springframework.web.servlet.FrameworkServlet [main] Completed initialization in 1 ms
2020-12-22 18:24:09,539 INFO org.springframework.boot.StartupInfoLogger [main] Started FeedbackControllerTest in 1.539 seconds (JVM running for 8.722)
2020-12-22 18:24:09,973 INFO org.springframework.scheduling.concurrent.ExecutorConfigurationSupport [SpringContextShutdownHook] Shutting down ExecutorService 'applicationTaskExecutor'
2020-12-22 18:24:09,975 INFO org.springframework.scheduling.concurrent.ExecutorConfigurationSupport [SpringContextShutdownHook] Shutting down ExecutorService 'asyncExecutor'
